[debug] [2018-11-04T08:02:26.173Z] ----------------------------------------------------------------------
[debug] [2018-11-04T08:02:26.182Z] Command:       C:\Program Files\nodejs\node.exe C:\Users\wafy\AppData\Roaming\npm\node_modules\firebase-tools\lib\bin\firebase.js init
[debug] [2018-11-04T08:02:26.183Z] CLI Version:   6.0.1
[debug] [2018-11-04T08:02:26.183Z] Platform:      win32
[debug] [2018-11-04T08:02:26.183Z] Node Version:  v10.13.0
[debug] [2018-11-04T08:02:26.187Z] Time:          Sun Nov 04 2018 15:02:26 GMT+0700 (Western Indonesia Time)
[debug] [2018-11-04T08:02:26.187Z] ----------------------------------------------------------------------
[debug] 
[debug] [2018-11-04T08:02:26.223Z] > command requires scopes: ["email","openid","https://www.googleapis.com/auth/cloudplatformprojects.readonly","https://www.googleapis.com/auth/firebase","https://www.googleapis.com/auth/cloud-platform"]
[debug] [2018-11-04T08:02:26.226Z] > authorizing via signed-in user
[info] 
     ######## #### ########  ######## ########     ###     ######  ########
     ##        ##  ##     ## ##       ##     ##  ##   ##  ##       ##
     ######    ##  ########  ######   ########  #########  ######  ######
     ##        ##  ##    ##  ##       ##     ## ##     ##       ## ##
     ##       #### ##     ## ######## ########  ##     ##  ######  ########

You're about to initialize a Firebase project in this directory:

  D:\JavaScript\SuitApplication

Before we get started, keep in mind:

  * You are initializing in an existing Firebase project directory

